<?xml version="1.0" encoding="UTF-8"?>
<testsuite name="com.metacoding.delivery.DeliveryApplicationTests" tests="1" skipped="0" failures="0" errors="0" timestamp="2025-12-31T12:47:29.288Z" hostname="DESKTOP-OQTGNFJ" time="0.714">
  <properties/>
  <testcase name="contextLoads()" classname="com.metacoding.delivery.DeliveryApplicationTests" time="0.714"/>
  <system-out><![CDATA[21:47:22.235 [Test worker] INFO org.springframework.test.context.support.AnnotationConfigContextLoaderUtils -- Could not detect default configuration classes for test class [com.metacoding.delivery.DeliveryApplicationTests]: DeliveryApplicationTests does not declare any static, non-private, non-final, nested classes annotated with @Configuration.
21:47:22.474 [Test worker] INFO org.springframework.boot.test.context.SpringBootTestContextBootstrapper -- Found @SpringBootConfiguration com.metacoding.delivery.DeliveryApplication for test class com.metacoding.delivery.DeliveryApplicationTests

  .   ____          _            __ _ _
 /\\ / ___'_ __ _ _(_)_ __  __ _ \ \ \ \
( ( )\___ | '_ | '_| | '_ \/ _` | \ \ \ \
 \\/  ___)| |_)| | | | | || (_| |  ) ) ) )
  '  |____| .__|_| |_|_| |_\__, | / / / /
 =========|_|==============|___/=/_/_/_/

 :: Spring Boot ::                (v3.5.5)

2025-12-31T21:47:23.289+09:00  INFO 14364 --- [delivery-service] [    Test worker] c.m.delivery.DeliveryApplicationTests    : Starting DeliveryApplicationTests using Java 21.0.1 with PID 14364 (started by 82105 in C:\study\msa\ex02\delivery)
2025-12-31T21:47:23.292+09:00  INFO 14364 --- [delivery-service] [    Test worker] c.m.delivery.DeliveryApplicationTests    : The following 1 profile is active: "dev"
2025-12-31T21:47:24.544+09:00  INFO 14364 --- [delivery-service] [    Test worker] .s.d.r.c.RepositoryConfigurationDelegate : Bootstrapping Spring Data JPA repositories in DEFAULT mode.
2025-12-31T21:47:24.631+09:00  INFO 14364 --- [delivery-service] [    Test worker] .s.d.r.c.RepositoryConfigurationDelegate : Finished Spring Data repository scanning in 73 ms. Found 1 JPA repository interface.
2025-12-31T21:47:25.323+09:00  INFO 14364 --- [delivery-service] [    Test worker] o.hibernate.jpa.internal.util.LogHelper  : HHH000204: Processing PersistenceUnitInfo [name: default]
2025-12-31T21:47:25.468+09:00  INFO 14364 --- [delivery-service] [    Test worker] org.hibernate.Version                    : HHH000412: Hibernate ORM core version 6.6.26.Final
2025-12-31T21:47:25.524+09:00  INFO 14364 --- [delivery-service] [    Test worker] o.h.c.internal.RegionFactoryInitiator    : HHH000026: Second-level cache disabled
2025-12-31T21:47:25.999+09:00  INFO 14364 --- [delivery-service] [    Test worker] o.s.o.j.p.SpringPersistenceUnitInfo      : No LoadTimeWeaver setup: ignoring JPA class transformer
2025-12-31T21:47:26.041+09:00  INFO 14364 --- [delivery-service] [    Test worker] com.zaxxer.hikari.HikariDataSource       : HikariPool-1 - Starting...
2025-12-31T21:47:26.281+09:00  INFO 14364 --- [delivery-service] [    Test worker] com.zaxxer.hikari.pool.HikariPool        : HikariPool-1 - Added connection conn0: url=jdbc:h2:mem:test user=SA
2025-12-31T21:47:26.284+09:00  INFO 14364 --- [delivery-service] [    Test worker] com.zaxxer.hikari.HikariDataSource       : HikariPool-1 - Start completed.
2025-12-31T21:47:26.343+09:00  INFO 14364 --- [delivery-service] [    Test worker] org.hibernate.orm.connections.pooling    : HHH10001005: Database info:
	Database JDBC URL [Connecting through datasource 'HikariDataSource (HikariPool-1)']
	Database driver: undefined/unknown
	Database version: 2.3.232
	Autocommit mode: undefined/unknown
	Isolation level: undefined/unknown
	Minimum pool size: undefined/unknown
	Maximum pool size: undefined/unknown
2025-12-31T21:47:27.561+09:00  INFO 14364 --- [delivery-service] [    Test worker] o.h.e.t.j.p.i.JtaPlatformInitiator       : HHH000489: No JTA platform available (set 'hibernate.transaction.jta.platform' to enable JTA platform integration)
Hibernate: 
    drop table if exists delivery_tb cascade 
Hibernate: 
    create table delivery_tb (
        id integer generated by default as identity,
        order_id integer not null,
        created_at timestamp(6),
        updated_at timestamp(6),
        address varchar(255),
        primary key (id)
    )
2025-12-31T21:47:27.617+09:00  INFO 14364 --- [delivery-service] [    Test worker] j.LocalContainerEntityManagerFactoryBean : Initialized JPA EntityManagerFactory for persistence unit 'default'
2025-12-31T21:47:29.016+09:00  INFO 14364 --- [delivery-service] [    Test worker] o.s.b.a.h2.H2ConsoleAutoConfiguration    : H2 console available at '/h2-console'. Database available at 'jdbc:h2:mem:test'
2025-12-31T21:47:29.237+09:00  INFO 14364 --- [delivery-service] [    Test worker] c.m.delivery.DeliveryApplicationTests    : Started DeliveryApplicationTests in 6.5 seconds (process running for 8.511)
]]></system-out>
  <system-err><![CDATA[Mockito is currently self-attaching to enable the inline-mock-maker. This will no longer work in future releases of the JDK. Please add Mockito as an agent to your build as described in Mockito's documentation: https://javadoc.io/doc/org.mockito/mockito-core/latest/org.mockito/org/mockito/Mockito.html#0.3
WARNING: A Java agent has been loaded dynamically (C:\Users\82105\.gradle\caches\modules-2\files-2.1\net.bytebuddy\byte-buddy-agent\1.17.7\fbf3d6d649ed37fc9e9c59480a05be0a26e3c2da\byte-buddy-agent-1.17.7.jar)
WARNING: If a serviceability tool is in use, please run with -XX:+EnableDynamicAgentLoading to hide this warning
WARNING: If a serviceability tool is not in use, please run with -Djdk.instrument.traceUsage for more information
WARNING: Dynamic loading of agents will be disallowed by default in a future release
]]></system-err>
</testsuite>
